<?xml version="1.0" encoding="UTF-8"?>
<testsuite name="com.sahaj.automationControl.executor.ControllerImplTest" tests="1" skipped="0" failures="0" errors="0" timestamp="2021-01-06T14:27:34" hostname="Santhoshs-MacBook-Pro.local" time="0.192">
  <properties/>
  <testcase name="testNoMovement" classname="com.sahaj.automationControl.executor.ControllerImplTest" time="0.192"/>
  <system-out><![CDATA[]]></system-out>
  <system-err><![CDATA[]]></system-err>
</testsuite>
